2024-03-18 12:05:41 - Desktop cleaner started.
2024-03-18 12:05:41 - No rule defined for file Apex Legends.url. Skipping.
2024-03-18 12:05:41 - No rule defined for file Baldur's Gate 3.url. Skipping.
2024-03-18 12:05:41 - No rule defined for file Burp Suite Enterprise Edition.url. Skipping.
2024-03-18 12:05:41 - No rule defined for file DARK SOULS™ III.url. Skipping.
2024-03-18 12:05:41 - No rule defined for file DEATH STRANDING DIRECTOR'S CUT.url. Skipping.
2024-03-18 12:05:41 - No rule defined for file desktop.ini. Skipping.
2024-03-18 12:05:41 - No rule defined for file Disco Elysium.url. Skipping.
2024-03-18 12:05:41 - No rule defined for file Discord.lnk. Skipping.
2024-03-18 12:05:41 - No rule defined for file ELDEN RING.url. Skipping.
2024-03-18 12:05:41 - No rule defined for file Fortnite.url. Skipping.
2024-03-18 12:05:41 - No rule defined for file Gas Station Simulator.url. Skipping.
2024-03-18 12:05:41 - No rule defined for file GitHub Desktop.lnk. Skipping.
2024-03-18 12:05:41 - No rule defined for file Insomnia.lnk. Skipping.
2024-03-18 12:05:41 - No rule defined for file NordVPN.lnk. Skipping.
2024-03-18 12:05:41 - No rule defined for file Paradox Launcher v2.lnk. Skipping.
2024-03-18 12:05:41 - No rule defined for file PC Building Simulator.url. Skipping.
2024-03-18 12:05:41 - No rule defined for file r2modman.lnk. Skipping.
2024-03-18 12:05:41 - No rule defined for file R6 Tracker.lnk. Skipping.
2024-03-18 12:05:41 - No rule defined for file Satisfactory.url. Skipping.
2024-03-18 12:05:41 - No rule defined for file Sons Of The Forest.url. Skipping.
2024-03-18 12:05:41 - No rule defined for file Stardew Valley.url. Skipping.
2024-03-18 12:05:41 - No rule defined for file Stray Gods The Roleplaying Musical.url. Skipping.
2024-03-18 12:05:41 - No rule defined for file Sun Haven.url. Skipping.
2024-03-18 12:05:41 - No rule defined for file Thunderstore Mod Manager.lnk. Skipping.
2024-03-18 12:05:41 - No rule defined for file Timberborn.url. Skipping.
2024-03-18 12:05:41 - No rule defined for file Tom Clancy's Rainbow Six Siege.url. Skipping.
2024-03-18 12:05:41 - No rule defined for file Ubisoft Connect.lnk. Skipping.
2024-03-18 12:05:41 - No rule defined for file Unzip.lnk. Skipping.
2024-03-18 12:05:41 - No rule defined for file UserBenchmark.lnk. Skipping.
2024-03-18 12:05:41 - No rule defined for file Valorant Tracker.lnk. Skipping.
2024-03-18 12:05:41 - No rule defined for file VALORANT.lnk. Skipping.
2024-03-18 12:05:41 - No rule defined for file Visual Studio Code.lnk. Skipping.
2024-03-18 12:05:41 - No rule defined for file Wallpaper Engine.url. Skipping.
2024-03-18 12:05:41 - No rule defined for file Yakuza 0.url. Skipping.
2024-03-18 12:05:41 - Desktop cleaner finished.
